14-Dec-2023 19:35:42.356 INFO [main] org.apache.catalina.startup.VersionLoggerListener.log Server version name:   Apache Tomcat/9.0.83
14-Dec-2023 19:35:42.361 INFO [main] org.apache.catalina.startup.VersionLoggerListener.log Server built:          Nov 9 2023 20:57:42 UTC
14-Dec-2023 19:35:42.361 INFO [main] org.apache.catalina.startup.VersionLoggerListener.log Server version number: 9.0.83.0
14-Dec-2023 19:35:42.361 INFO [main] org.apache.catalina.startup.VersionLoggerListener.log OS Name:               Windows 10
14-Dec-2023 19:35:42.362 INFO [main] org.apache.catalina.startup.VersionLoggerListener.log Версия ОС:             10.0
14-Dec-2023 19:35:42.362 INFO [main] org.apache.catalina.startup.VersionLoggerListener.log Архитектура:           amd64
14-Dec-2023 19:35:42.362 INFO [main] org.apache.catalina.startup.VersionLoggerListener.log Java Home:             C:\Program Files\Java\jdk-20
14-Dec-2023 19:35:42.362 INFO [main] org.apache.catalina.startup.VersionLoggerListener.log Версия JVM:            20.0.1+9-29
14-Dec-2023 19:35:42.363 INFO [main] org.apache.catalina.startup.VersionLoggerListener.log Производитель JVM:     Oracle Corporation
14-Dec-2023 19:35:42.363 INFO [main] org.apache.catalina.startup.VersionLoggerListener.log CATALINA_BASE:         C:\Programming\Java\seven_projects\Currency_conversion
14-Dec-2023 19:35:42.363 INFO [main] org.apache.catalina.startup.VersionLoggerListener.log CATALINA_HOME:         C:\apache-tomcat-9.0.83
14-Dec-2023 19:35:42.372 INFO [main] org.apache.catalina.startup.VersionLoggerListener.log Command line argument: --add-opens=java.base/java.lang=ALL-UNNAMED
14-Dec-2023 19:35:42.372 INFO [main] org.apache.catalina.startup.VersionLoggerListener.log Command line argument: --add-opens=java.base/java.io=ALL-UNNAMED
14-Dec-2023 19:35:42.372 INFO [main] org.apache.catalina.startup.VersionLoggerListener.log Command line argument: --add-opens=java.base/java.util=ALL-UNNAMED
14-Dec-2023 19:35:42.372 INFO [main] org.apache.catalina.startup.VersionLoggerListener.log Command line argument: --add-opens=java.base/java.util.concurrent=ALL-UNNAMED
14-Dec-2023 19:35:42.373 INFO [main] org.apache.catalina.startup.VersionLoggerListener.log Command line argument: --add-opens=java.rmi/sun.rmi.transport=ALL-UNNAMED
14-Dec-2023 19:35:42.373 INFO [main] org.apache.catalina.startup.VersionLoggerListener.log Command line argument: -Dcatalina.home=C:\apache-tomcat-9.0.83
14-Dec-2023 19:35:42.373 INFO [main] org.apache.catalina.startup.VersionLoggerListener.log Command line argument: -Dcatalina.base=C:\Programming\Java\seven_projects\Currency_conversion
14-Dec-2023 19:35:42.373 INFO [main] org.apache.catalina.startup.VersionLoggerListener.log Command line argument: -Djava.io.tmpdir=C:\Programming\Java\seven_projects\Currency_conversion\temp
14-Dec-2023 19:35:42.373 INFO [main] org.apache.catalina.startup.VersionLoggerListener.log Command line argument: -Djava.util.logging.config.file=C:\Programming\Java\seven_projects\Currency_conversion\conf\logging.properties
14-Dec-2023 19:35:42.373 INFO [main] org.apache.catalina.startup.VersionLoggerListener.log Command line argument: -Djava.util.logging.manager=org.apache.juli.ClassLoaderLogManager
14-Dec-2023 19:35:42.373 INFO [main] org.apache.catalina.startup.VersionLoggerListener.log Command line argument: -javaagent:C:\Program Files\JetBrains\IntelliJ IDEA Community Edition 2023.2.4\lib\idea_rt.jar=50066:C:\Program Files\JetBrains\IntelliJ IDEA Community Edition 2023.2.4\bin
14-Dec-2023 19:35:42.373 INFO [main] org.apache.catalina.startup.VersionLoggerListener.log Command line argument: -Dfile.encoding=UTF-8
14-Dec-2023 19:35:42.373 INFO [main] org.apache.catalina.startup.VersionLoggerListener.log Command line argument: -Dsun.stdout.encoding=UTF-8
14-Dec-2023 19:35:42.373 INFO [main] org.apache.catalina.startup.VersionLoggerListener.log Command line argument: -Dsun.stderr.encoding=UTF-8
14-Dec-2023 19:35:42.377 INFO [main] org.apache.catalina.core.AprLifecycleListener.lifecycleEvent Loaded Apache Tomcat Native library [1.2.39] using APR version [1.7.4].
14-Dec-2023 19:35:42.377 INFO [main] org.apache.catalina.core.AprLifecycleListener.lifecycleEvent APR capabilities: IPv6 [true], sendfile [true], accept filters [false], random [true], UDS [true].
14-Dec-2023 19:35:42.377 INFO [main] org.apache.catalina.core.AprLifecycleListener.lifecycleEvent APR/OpenSSL configuration: useAprConnector [false], useOpenSSL [true]
14-Dec-2023 19:35:42.383 INFO [main] org.apache.catalina.core.AprLifecycleListener.initializeSSL OpenSSL successfully initialized [OpenSSL 3.0.11 19 Sep 2023]
14-Dec-2023 19:35:42.819 INFO [main] org.apache.coyote.AbstractProtocol.init Инициализация ProtocolHandler ["http-nio-8080"]
14-Dec-2023 19:35:42.845 INFO [main] org.apache.catalina.startup.Catalina.load Server initialization in [774] milliseconds
14-Dec-2023 19:35:42.916 INFO [main] org.apache.catalina.core.StandardService.startInternal Starting service [Catalina]
14-Dec-2023 19:35:42.916 INFO [main] org.apache.catalina.core.StandardEngine.startInternal Starting Servlet engine: [Apache Tomcat/9.0.83]
14-Dec-2023 19:35:42.928 INFO [main] org.apache.catalina.startup.HostConfig.deployDescriptor Deploying deployment descriptor [C:\Programming\Java\seven_projects\Currency_conversion\conf\Catalina\localhost\ROOT.xml]
14-Dec-2023 19:35:43.528 INFO [main] org.apache.jasper.servlet.TldScanner.scanJars At least one JAR was scanned for TLDs yet contained no TLDs. Enable debug logging for this logger for a complete list of JARs that were scanned but no TLDs were found in them. Skipping unneeded JARs during scanning can improve startup time and JSP compilation time.
14-Dec-2023 19:35:43.611 INFO [main] org.apache.catalina.startup.HostConfig.deployDescriptor Deployment of deployment descriptor [C:\Programming\Java\seven_projects\Currency_conversion\conf\Catalina\localhost\ROOT.xml] has finished in [679] ms
14-Dec-2023 19:35:43.615 INFO [main] org.apache.coyote.AbstractProtocol.start Starting ProtocolHandler ["http-nio-8080"]
14-Dec-2023 19:35:43.665 INFO [main] org.apache.catalina.startup.Catalina.start Server startup in [818] milliseconds
14-Dec-2023 19:36:22.325 INFO [Thread-1] org.apache.coyote.AbstractProtocol.pause Pausing ProtocolHandler ["http-nio-8080"]
14-Dec-2023 19:36:22.332 INFO [Thread-1] org.apache.catalina.core.StandardService.stopInternal Stopping service [Catalina]
14-Dec-2023 19:36:22.353 WARNING [Thread-1] org.apache.catalina.loader.WebappClassLoaderBase.clearReferencesJdbc The web application [ROOT] registered the JDBC driver [org.sqlite.JDBC] but failed to unregister it when the web application was stopped. To prevent a memory leak, the JDBC Driver has been forcibly unregistered.
14-Dec-2023 19:36:22.360 INFO [Thread-1] org.apache.coyote.AbstractProtocol.stop Stopping ProtocolHandler ["http-nio-8080"]
14-Dec-2023 19:36:22.375 INFO [Thread-1] org.apache.coyote.AbstractProtocol.destroy Destroying ProtocolHandler ["http-nio-8080"]
